<?xml version="1.0" encoding="UTF-8"?>
<testng-results skipped="0" failed="0" total="1" passed="1">
  <reporter-output>
  </reporter-output>
  <suite name="Default suite" duration-ms="1798" started-at="2019-12-28T07:16:32Z" finished-at="2019-12-28T07:16:34Z">
    <groups>
    </groups>
    <test name="Default test" duration-ms="1798" started-at="2019-12-28T07:16:32Z" finished-at="2019-12-28T07:16:34Z">
      <class name="com.api.TestScripts.GetRequestTest">
        <test-method status="PASS" signature="configBaseContent()[pri:0, instance:com.api.TestScripts.GetRequestTest@1ae369b7]" name="configBaseContent" is-config="true" duration-ms="580" started-at="2019-12-28T12:46:32Z" finished-at="2019-12-28T12:46:32Z">
          <reporter-output>
          </reporter-output>
        </test-method> <!-- configBaseContent -->
        <test-method status="PASS" signature="fetchCountry()[pri:0, instance:com.api.TestScripts.GetRequestTest@1ae369b7]" name="fetchCountry" duration-ms="1776" started-at="2019-12-28T12:46:32Z" finished-at="2019-12-28T12:46:34Z">
          <reporter-output>
          </reporter-output>
        </test-method> <!-- fetchCountry -->
        <test-method status="PASS" signature="getResult(org.testng.ITestResult)[pri:0, instance:com.api.TestScripts.GetRequestTest@1ae369b7]" name="getResult" is-config="true" duration-ms="10" started-at="2019-12-28T12:46:34Z" finished-at="2019-12-28T12:46:34Z">
          <params>
            <param index="0">
              <value>
                <![CDATA[[TestResult name=fetchCountry status=SUCCESS method=GetRequestTest.fetchCountry()[pri:0, instance:com.api.TestScripts.GetRequestTest@1ae369b7] output={null}]]]>
              </value>
            </param>
          </params>
          <reporter-output>
          </reporter-output>
        </test-method> <!-- getResult -->
        <test-method status="PASS" signature="configAfterSuite()[pri:0, instance:com.api.TestScripts.GetRequestTest@1ae369b7]" name="configAfterSuite" is-config="true" duration-ms="401" started-at="2019-12-28T12:46:34Z" finished-at="2019-12-28T12:46:34Z">
          <reporter-output>
          </reporter-output>
        </test-method> <!-- configAfterSuite -->
      </class> <!-- com.api.TestScripts.GetRequestTest -->
    </test> <!-- Default test -->
  </suite> <!-- Default suite -->
</testng-results>
