<?xml version="1.0" encoding="UTF-8"?>
<testng-results skipped="0" failed="0" total="1" passed="1">
  <reporter-output>
  </reporter-output>
  <suite name="Command line suite" duration-ms="30" started-at="2019-12-28T06:54:42Z" finished-at="2019-12-28T06:54:42Z">
    <groups>
    </groups>
    <test name="Command line test" duration-ms="30" started-at="2019-12-28T06:54:42Z" finished-at="2019-12-28T06:54:42Z">
      <class name="ArjitRest.ArjitRest.AppTest">
        <test-method status="PASS" signature="testApp()[pri:0, instance:testApp(ArjitRest.ArjitRest.AppTest)]" name="testApp" duration-ms="6" started-at="2019-12-28T12:24:42Z" finished-at="2019-12-28T12:24:42Z">
          <reporter-output>
          </reporter-output>
        </test-method> <!-- testApp -->
      </class> <!-- ArjitRest.ArjitRest.AppTest -->
    </test> <!-- Command line test -->
  </suite> <!-- Command line suite -->
</testng-results>
