<?xml version="1.0" encoding="UTF-8"?>
<testng-results skipped="0" failed="0" total="2" passed="2">
  <reporter-output>
  </reporter-output>
  <suite name="Command line suite" duration-ms="3135" started-at="2019-12-28T06:54:36Z" finished-at="2019-12-28T06:54:39Z">
    <groups>
    </groups>
    <test name="Command line test" duration-ms="3135" started-at="2019-12-28T06:54:36Z" finished-at="2019-12-28T06:54:39Z">
      <class name="com.api.TestScripts.PostRequestTest">
        <test-method status="PASS" signature="configBaseContent()[pri:0, instance:com.api.TestScripts.PostRequestTest@6cd8737]" name="configBaseContent" is-config="true" duration-ms="715" started-at="2019-12-28T12:24:36Z" finished-at="2019-12-28T12:24:36Z">
          <reporter-output>
          </reporter-output>
        </test-method> <!-- configBaseContent -->
        <test-method status="PASS" signature="createPost()[pri:0, instance:com.api.TestScripts.PostRequestTest@6cd8737]" name="createPost" duration-ms="215" started-at="2019-12-28T12:24:39Z" finished-at="2019-12-28T12:24:39Z">
          <reporter-output>
          </reporter-output>
        </test-method> <!-- createPost -->
        <test-method status="PASS" signature="getResult(org.testng.ITestResult)[pri:0, instance:com.api.TestScripts.PostRequestTest@6cd8737]" name="getResult" is-config="true" duration-ms="0" started-at="2019-12-28T12:24:39Z" finished-at="2019-12-28T12:24:39Z">
          <params>
            <param index="0">
              <value>
                <![CDATA[[TestResult name=createPost status=SUCCESS method=PostRequestTest.createPost()[pri:0, instance:com.api.TestScripts.PostRequestTest@6cd8737] output={null}]]]>
              </value>
            </param>
          </params>
          <reporter-output>
          </reporter-output>
        </test-method> <!-- getResult -->
        <test-method status="PASS" signature="configAfterSuite()[pri:0, instance:com.api.TestScripts.PostRequestTest@6cd8737]" name="configAfterSuite" is-config="true" duration-ms="1616" started-at="2019-12-28T12:24:40Z" finished-at="2019-12-28T12:24:41Z">
          <reporter-output>
          </reporter-output>
        </test-method> <!-- configAfterSuite -->
      </class> <!-- com.api.TestScripts.PostRequestTest -->
      <class name="com.api.TestScripts.GetRequestTest">
        <test-method status="PASS" signature="fetchCountry()[pri:0, instance:com.api.TestScripts.GetRequestTest@6b2fad11]" name="fetchCountry" duration-ms="2776" started-at="2019-12-28T12:24:36Z" finished-at="2019-12-28T12:24:39Z">
          <reporter-output>
          </reporter-output>
        </test-method> <!-- fetchCountry -->
        <test-method status="PASS" signature="getResult(org.testng.ITestResult)[pri:0, instance:com.api.TestScripts.GetRequestTest@6b2fad11]" name="getResult" is-config="true" duration-ms="134" started-at="2019-12-28T12:24:39Z" finished-at="2019-12-28T12:24:39Z">
          <params>
            <param index="0">
              <value>
                <![CDATA[[TestResult name=fetchCountry status=SUCCESS method=GetRequestTest.fetchCountry()[pri:0, instance:com.api.TestScripts.GetRequestTest@6b2fad11] output={null}]]]>
              </value>
            </param>
          </params>
          <reporter-output>
          </reporter-output>
        </test-method> <!-- getResult -->
      </class> <!-- com.api.TestScripts.GetRequestTest -->
    </test> <!-- Command line test -->
  </suite> <!-- Command line suite -->
</testng-results>
